Informação | 27/09/2012 19:20:23 | Teste | 
Informação | 27/09/2012 19:21:49 | Teste | 
Erro | 28/09/2012 00:58:19 | Tentativa de login inválida com o seguinte login: admin
 Segue dados completos: O thread estava sendo anulado. | 
Erro | 28/09/2012 00:58:33 | Tentativa de login inválida com o seguinte login: admin
 Segue dados completos: O thread estava sendo anulado. | 
Informação | 28/09/2012 00:58:41 | Usuário logado: admin | admin
Erro | 28/09/2012 00:58:41 | Tentativa de login inválida com o seguinte login: admin
 Segue dados completos: O thread estava sendo anulado. | 
Informação | 28/09/2012 00:59:37 | Usuário logado: admin | admin
Erro | 28/09/2012 00:59:37 | Tentativa de login inválida com o seguinte login: admin
 Segue dados completos: O thread estava sendo anulado. | 
Informação | 28/09/2012 00:59:51 | Usuário logado: admin | admin
Informação | 28/09/2012 01:00:28 | Usuário logado: admin | admin
Erro | 28/09/2012 01:00:56 | Tentativa de login inválida com o seguinte login: admin
 Segue dados completos: O thread estava sendo anulado. | 
Informação | 28/09/2012 01:01:10 | Usuário logado: admin | admin
Erro | 28/09/2012 01:01:23 | Tentativa de login inválida com o seguinte login: admin
 Segue dados completos: O thread estava sendo anulado. | 
Informação | 28/09/2012 01:01:34 | Usuário logado: admin | admin
Erro | 28/09/2012 01:01:48 | Tentativa de login inválida com o seguinte login: admin
 Segue dados completos: O thread estava sendo anulado. | 
Informação | 28/09/2012 01:02:36 | Usuário logado: admin | admin
Informação | 28/09/2012 01:03:18 | Usuário logado: admin | admin
Informação | 28/09/2012 16:02:38 | Usuário logado: admin | admin
Informação | 28/09/2012 16:03:31 | Usuário logado: admin | admin
Informação | 28/09/2012 16:08:33 | Usuário logado: admin | admin
Informação | 28/09/2012 16:13:00 | Usuário logado: admin | admin
Erro | 28/09/2012 16:13:14 | Tentativa de login inválida com o seguinte login:  | admin
Informação | 28/09/2012 16:13:23 | Usuário logado: admin | admin
Informação | 28/09/2012 16:13:43 | Usuário logado: admin | admin
Informação | 28/09/2012 16:28:46 | Usuário logado: admin | admin
Informação | 28/09/2012 16:30:01 | Local inserido no sistema: Código: 0, nome: Recepção | admin
INFO | 28/09/2012 16:39:38 | Usuário: Usuário logado: admin | admin
INFO | 29/09/2012 13:42:49 | Usuário: Usuario logado: Código: 0, Nome: admin, login: . | 
INFO | 29/09/2012 13:42:49 | Usuário: Usuário logado: admin | admin
INFO | 29/09/2012 14:02:57 | Usuário: Usuario logado: Código: 0, Nome: admin, login: . | 
INFO | 29/09/2012 14:02:57 | Usuário: Usuário logado: admin | admin
INFO | 29/09/2012 14:03:02 | Usuário: Usuário desconectado:  | admin
INFO | 29/09/2012 14:29:56 | Usuário: Usuario logado: Código: 0, Nome: admin, login: . | 
INFO | 29/09/2012 14:29:56 | Usuário: Usuário logado: admin | admin
INFO | 29/09/2012 14:30:55 | Usuário: Pessoa cadastrada com sucesso: Código: 0, Nome: Ciclano da Silva, login: ciclano. | ciclano
INFO | 29/09/2012 14:31:38 | Usuário: Registro gravado com sucesso: Código: 0, código da pessoa: 4, Código da tarefa: 3, Código do local: 1, Data: 20/09/2012 00:00:00. | ciclano
INFO | 29/09/2012 17:28:54 | Usuario logado: Nome: , login: admin. | Usuário: admin.
INFO | 29/09/2012 17:28:55 | Usuário logado: admin | Usuário: admin.
INFO | 29/09/2012 17:30:12 | Pessoa cadastrada com sucesso: Nome: Wesley Mourão, login: wesley. | Usuário: admin.
INFO | 29/09/2012 17:30:39 | Tarefa salva: Tarefa: Administrar setor. | Usuário: admin.
INFO | 29/09/2012 17:31:09 | Local gravado com sucesso: Setor de Tecnologia | Usuário: admin.
INFO | 29/09/2012 17:31:09 | Local inserido no sistema: Nome: Setor de Tecnologia | Usuário: admin.
INFO | 29/09/2012 17:33:24 | Registro atualizado com sucesso: Nome: Ciclano da Silva, login: ciclano1. | Usuário: admin.
INFO | 29/09/2012 17:33:49 | Registro atualizado com sucesso: Tarefa: Administrar setores. | Usuário: admin.
INFO | 29/09/2012 17:49:08 | Local atualizado: Nome: Recepção1 | Usuário: admin.
INFO | 29/09/2012 17:49:49 | Registro gravado com sucesso: Código: 0, código da pessoa: 8, Código da tarefa: 103, Código do local: 6, Data: 01/10/2012 00:00:00. | Usuário: admin.
INFO | 29/09/2012 17:49:49 | Registro gravado com sucesso: Código: 0, código da pessoa: 9, Código da tarefa: 103, Código do local: 6, Data: 01/10/2012 00:00:00. | Usuário: admin.
INFO | 29/09/2012 17:51:21 | Registro removido com sucesso: 120 | Usuário: admin.
INFO | 29/09/2012 17:51:41 | Registro removido com sucesso: Nome: Ciclano da Silva, login: ciclano1. | Usuário: admin.
INFO | 29/09/2012 17:51:49 | Registro removido: Tarefa: Administrar setores. | Usuário: admin.
INFO | 29/09/2012 17:52:01 | Local removido código: 5 | Usuário: admin.
